2022-06-06 11:20:20 add sid deb main amd64 fonts-unifont 1:13.0.06-1
2022-06-06 11:20:20 add sid deb main amd64 golang-github-gavv-monotime-dev 0.1-1
2022-06-06 11:20:20 add sid deb main amd64 psf-unifont 1:13.0.06-1
2022-06-06 11:20:20 add sid deb main amd64 ttf-unifont 1:13.0.06-1
2022-06-06 11:20:20 add sid deb main amd64 unifont-bin-dbgsym 1:13.0.06-1
2022-06-06 11:20:20 add sid deb main amd64 unifont-bin 1:13.0.06-1
2022-06-06 11:20:20 add sid deb main amd64 unifont 1:13.0.06-1
2022-06-06 11:20:20 add sid deb main amd64 xfonts-unifont 1:13.0.06-1
2022-06-08 10:49:17 add sid deb main amd64 golang-github-lofanmi-pinyin-dev 1.0.2-1
2022-06-09 13:45:20 add sid deb main amd64 deepin-authenticate-dbgsym 1.3.23+r500+gd6bc03b-1
2022-06-09 13:45:20 add sid deb main amd64 deepin-authenticate 1.3.23+r500+gd6bc03b-1
2022-06-09 13:45:20 add sid deb main amd64 libdeepin-authenticate-dbgsym 1.3.23+r500+gd6bc03b-1
2022-06-09 13:45:20 add sid deb main amd64 libdeepin-authenticate-dev 1.3.23+r500+gd6bc03b-1
2022-06-09 13:45:20 add sid deb main amd64 libdeepin-authenticate 1.3.23+r500+gd6bc03b-1
2022-06-10 00:54:23 add sid deb main amd64 libdareader-dev 1.0.2-1
2022-06-10 00:54:23 add sid deb main amd64 libdareader1-dbgsym 1.0.2-1
2022-06-10 00:54:23 add sid deb main amd64 libdareader1 1.0.2-1
2022-06-10 04:31:57 add sid deb main amd64 libpolkit-qt5-1-1-dbgsym 5.0.0.3+r002+gcb4124f-1
2022-06-10 04:31:57 add sid deb main amd64 libpolkit-qt5-1-1 5.0.0.3+r002+gcb4124f-1
2022-06-10 04:31:57 add sid deb main amd64 libpolkit-qt5-1-dev 5.0.0.3+r002+gcb4124f-1
2022-06-16 06:51:32 add sid deb main amd64 dde-kwin 5.5.16+r002+gc3dd6e8b9-1
2022-06-16 08:12:01 add sid deb main amd64 dde-kwin 5.5.16+r002+gc3dd6e8b9-1
2022-06-16 08:12:01 add sid deb main amd64 deepin-authenticate-dbgsym 1.3.23+r500+gd6bc03b-1
2022-06-16 08:12:01 add sid deb main amd64 deepin-authenticate 1.3.23+r500+gd6bc03b-1
2022-06-16 08:12:01 add sid deb main amd64 fonts-unifont 1:13.0.06-1
2022-06-16 08:12:01 add sid deb main amd64 golang-github-gavv-monotime-dev 0.1-1
2022-06-16 08:12:01 add sid deb main amd64 golang-github-lofanmi-pinyin-dev 1.0.2-1
2022-06-16 08:12:01 add sid deb main amd64 libdareader-dev 1.0.2-1
2022-06-16 08:12:01 add sid deb main amd64 libdareader1-dbgsym 1.0.2-1
2022-06-16 08:12:01 add sid deb main amd64 libdareader1 1.0.2-1
2022-06-16 08:12:01 add sid deb main amd64 libdeepin-authenticate-dbgsym 1.3.23+r500+gd6bc03b-1
2022-06-16 08:12:01 add sid deb main amd64 libdeepin-authenticate-dev 1.3.23+r500+gd6bc03b-1
2022-06-16 08:12:01 add sid deb main amd64 libdeepin-authenticate 1.3.23+r500+gd6bc03b-1
2022-06-16 08:12:01 add sid deb main amd64 psf-unifont 1:13.0.06-1
2022-06-16 08:12:01 add sid deb main amd64 ttf-unifont 1:13.0.06-1
2022-06-16 08:12:01 add sid deb main amd64 unifont-bin-dbgsym 1:13.0.06-1
2022-06-16 08:12:01 add sid deb main amd64 unifont-bin 1:13.0.06-1
2022-06-16 08:12:01 add sid deb main amd64 unifont 1:13.0.06-1
2022-06-16 08:12:01 add sid deb main amd64 xfonts-unifont 1:13.0.06-1
2022-06-16 08:15:35 add sid deb main amd64 dde-kwin 5.5.16+r002+gc3dd6e8b9-1
2022-06-16 08:15:35 add sid deb main amd64 deepin-authenticate-dbgsym 1.3.23+r500+gd6bc03b-1
2022-06-16 08:15:35 add sid deb main amd64 deepin-authenticate 1.3.23+r500+gd6bc03b-1
2022-06-16 08:15:35 add sid deb main amd64 golang-github-gavv-monotime-dev 0.1-1
2022-06-16 08:15:35 add sid deb main amd64 golang-github-lofanmi-pinyin-dev 1.0.2-1
2022-06-16 08:15:35 add sid deb main amd64 libdareader-dev 1.0.2-1
2022-06-16 08:15:35 add sid deb main amd64 libdareader1-dbgsym 1.0.2-1
2022-06-16 08:15:35 add sid deb main amd64 libdareader1 1.0.2-1
2022-06-16 08:15:35 add sid deb main amd64 libdeepin-authenticate-dbgsym 1.3.23+r500+gd6bc03b-1
2022-06-16 08:15:35 add sid deb main amd64 libdeepin-authenticate-dev 1.3.23+r500+gd6bc03b-1
2022-06-16 08:15:35 add sid deb main amd64 libdeepin-authenticate 1.3.23+r500+gd6bc03b-1
2022-06-16 08:44:28 add sid deb main amd64 dde-kwin 5.5.16+r002+gc3dd6e8b9-1
2022-06-16 08:44:28 add sid deb main amd64 deepin-authenticate-dbgsym 1.3.23+r500+gd6bc03b-1
2022-06-16 08:44:28 add sid deb main amd64 deepin-authenticate 1.3.23+r500+gd6bc03b-1
2022-06-16 08:44:28 add sid deb main amd64 golang-github-gavv-monotime-dev 0.1-1
2022-06-16 08:44:28 add sid deb main amd64 golang-github-lofanmi-pinyin-dev 1.0.2-1
2022-06-16 08:44:28 add sid deb main amd64 libdareader-dev 1.0.2-1
2022-06-16 08:44:28 add sid deb main amd64 libdareader1-dbgsym 1.0.2-1
2022-06-16 08:44:28 add sid deb main amd64 libdareader1 1.0.2-1
2022-06-16 08:44:28 add sid deb main amd64 libdeepin-authenticate-dbgsym 1.3.23+r500+gd6bc03b-1
2022-06-16 08:44:28 add sid deb main amd64 libdeepin-authenticate-dev 1.3.23+r500+gd6bc03b-1
2022-06-16 08:44:28 add sid deb main amd64 libdeepin-authenticate 1.3.23+r500+gd6bc03b-1
2022-06-16 08:48:45 add sid deb main amd64 dde-kwin 5.5.16+r002+gc3dd6e8b9-1
2022-06-16 08:48:45 add sid deb main amd64 deepin-authenticate-dbgsym 1.3.23+r500+gd6bc03b-1
2022-06-16 08:48:45 add sid deb main amd64 deepin-authenticate 1.3.23+r500+gd6bc03b-1
2022-06-16 08:48:45 add sid deb main amd64 golang-github-gavv-monotime-dev 0.1-1
2022-06-16 08:48:45 add sid deb main amd64 golang-github-lofanmi-pinyin-dev 1.0.2-1
2022-06-16 08:48:45 add sid deb main amd64 libdareader-dev 1.0.2-1
2022-06-16 08:48:45 add sid deb main amd64 libdareader1-dbgsym 1.0.2-1
2022-06-16 08:48:45 add sid deb main amd64 libdareader1 1.0.2-1
2022-06-16 08:48:45 add sid deb main amd64 libdeepin-authenticate-dbgsym 1.3.23+r500+gd6bc03b-1
2022-06-16 08:48:45 add sid deb main amd64 libdeepin-authenticate-dev 1.3.23+r500+gd6bc03b-1
2022-06-16 08:48:45 add sid deb main amd64 libdeepin-authenticate 1.3.23+r500+gd6bc03b-1
2022-06-16 08:53:08 add sid deb main amd64 dde-kwin 5.5.16+r002+gc3dd6e8b9-1
2022-06-16 08:53:08 add sid deb main amd64 deepin-authenticate-dbgsym 1.3.23+r500+gd6bc03b-1
2022-06-16 08:53:08 add sid deb main amd64 deepin-authenticate 1.3.23+r500+gd6bc03b-1
2022-06-16 08:53:08 add sid deb main amd64 golang-github-gavv-monotime-dev 0.1-1
2022-06-16 08:53:08 add sid deb main amd64 golang-github-lofanmi-pinyin-dev 1.0.2-1
2022-06-16 08:53:08 add sid deb main amd64 ipwatchd 1.2.2+fake-1
2022-06-16 08:53:08 add sid deb main amd64 libdareader-dev 1.0.2-1
2022-06-16 08:53:08 add sid deb main amd64 libdareader1-dbgsym 1.0.2-1
2022-06-16 08:53:08 add sid deb main amd64 libdareader1 1.0.2-1
2022-06-16 08:53:08 add sid deb main amd64 libdeepin-authenticate-dbgsym 1.3.23+r500+gd6bc03b-1
2022-06-16 08:53:08 add sid deb main amd64 libdeepin-authenticate-dev 1.3.23+r500+gd6bc03b-1
2022-06-16 08:53:08 add sid deb main amd64 libdeepin-authenticate 1.3.23+r500+gd6bc03b-1
2022-06-16 09:00:34 add sid deb main amd64 dde-kwin 5.5.16+r002+gc3dd6e8b9-1
2022-06-16 09:00:34 add sid deb main amd64 deepin-authenticate-dbgsym 1.3.23+r500+gd6bc03b-1
2022-06-16 09:00:34 add sid deb main amd64 deepin-authenticate 1.3.23+r500+gd6bc03b-1
2022-06-16 09:00:34 add sid deb main amd64 golang-github-gavv-monotime-dev 0.1-1
2022-06-16 09:00:34 add sid deb main amd64 golang-github-lofanmi-pinyin-dev 1.0.2-1
2022-06-16 09:00:34 add sid deb main amd64 ipwatchd 1.2.2+fake-1
2022-06-16 09:00:34 add sid deb main amd64 libdareader-dev 1.0.2-1
2022-06-16 09:00:34 add sid deb main amd64 libdareader1-dbgsym 1.0.2-1
2022-06-16 09:00:34 add sid deb main amd64 libdareader1 1.0.2-1
2022-06-16 09:00:34 add sid deb main amd64 libdeepin-authenticate-dbgsym 1.3.23+r500+gd6bc03b-1
2022-06-16 09:00:34 add sid deb main amd64 libdeepin-authenticate-dev 1.3.23+r500+gd6bc03b-1
2022-06-16 09:00:34 add sid deb main amd64 libdeepin-authenticate 1.3.23+r500+gd6bc03b-1
2022-06-16 09:21:20 add sid deb main amd64 dde-kwin 5.5.16+r002+gc3dd6e8b9-1
2022-06-16 09:21:20 add sid deb main amd64 deepin-authenticate-dbgsym 1.3.23+r500+gd6bc03b-1
2022-06-16 09:21:20 add sid deb main amd64 deepin-authenticate 1.3.23+r500+gd6bc03b-1
2022-06-16 09:21:20 add sid deb main amd64 golang-github-gavv-monotime-dev 0.1-1
2022-06-16 09:21:20 add sid deb main amd64 golang-github-lofanmi-pinyin-dev 1.0.2-1
2022-06-16 09:21:20 add sid deb main amd64 ipwatchd 1.2.2+fake-1
2022-06-16 09:21:20 add sid deb main amd64 libdareader-dev 1.0.2-1
2022-06-16 09:21:20 add sid deb main amd64 libdareader1-dbgsym 1.0.2-1
2022-06-16 09:21:20 add sid deb main amd64 libdareader1 1.0.2-1
2022-06-16 09:21:20 add sid deb main amd64 libdeepin-authenticate-dbgsym 1.3.23+r500+gd6bc03b-1
2022-06-16 09:21:20 add sid deb main amd64 libdeepin-authenticate-dev 1.3.23+r500+gd6bc03b-1
2022-06-16 09:21:20 add sid deb main amd64 libdeepin-authenticate 1.3.23+r500+gd6bc03b-1
2022-06-16 09:40:10 add sid deb main amd64 dde-kwin 5.5.16+r002+gc3dd6e8b9-1
2022-06-16 09:40:10 add sid deb main amd64 deepin-authenticate-dbgsym 1.3.23+r500+gd6bc03b-1
2022-06-16 09:40:10 add sid deb main amd64 deepin-authenticate 1.3.23+r500+gd6bc03b-1
2022-06-16 09:40:10 add sid deb main amd64 golang-github-gavv-monotime-dev 0.1-1
2022-06-16 09:40:10 add sid deb main amd64 golang-github-lofanmi-pinyin-dev 1.0.2-1
2022-06-16 09:40:10 add sid deb main amd64 ipwatchd 1.2.2+fake-1
2022-06-16 09:40:10 add sid deb main amd64 libdareader-dev 1.0.2-1
2022-06-16 09:40:10 add sid deb main amd64 libdareader1-dbgsym 1.0.2-1
2022-06-16 09:40:10 add sid deb main amd64 libdareader1 1.0.2-1
2022-06-16 09:40:10 add sid deb main amd64 libdeepin-authenticate-dbgsym 1.3.23+r500+gd6bc03b-1
2022-06-16 09:40:10 add sid deb main amd64 libdeepin-authenticate-dev 1.3.23+r500+gd6bc03b-1
2022-06-16 09:40:10 add sid deb main amd64 libdeepin-authenticate 1.3.23+r500+gd6bc03b-1
2022-06-16 09:48:32 add sid deb main amd64 dde-kwin 5.5.16+r002+gc3dd6e8b9-1
2022-06-16 09:48:32 add sid deb main amd64 deepin-authenticate-dbgsym 1.3.23+r500+gd6bc03b-1
2022-06-16 09:48:32 add sid deb main amd64 deepin-authenticate 1.3.23+r500+gd6bc03b-1
2022-06-16 09:48:32 add sid deb main amd64 golang-github-gavv-monotime-dev 0.1-1
2022-06-16 09:48:32 add sid deb main amd64 golang-github-lofanmi-pinyin-dev 1.0.2-1
2022-06-16 09:48:32 add sid deb main amd64 ipwatchd 1.2.2+fake-1
2022-06-16 09:48:32 add sid deb main amd64 lastore-daemon 5.3.22+fake-1
2022-06-16 09:48:32 add sid deb main amd64 libdareader-dev 1.0.2-1
2022-06-16 09:48:32 add sid deb main amd64 libdareader1-dbgsym 1.0.2-1
2022-06-16 09:48:32 add sid deb main amd64 libdareader1 1.0.2-1
2022-06-16 09:48:32 add sid deb main amd64 libdeepin-authenticate-dbgsym 1.3.23+r500+gd6bc03b-1
2022-06-16 09:48:32 add sid deb main amd64 libdeepin-authenticate-dev 1.3.23+r500+gd6bc03b-1
2022-06-16 09:48:32 add sid deb main amd64 libdeepin-authenticate 1.3.23+r500+gd6bc03b-1
2022-06-16 11:15:13 add sid deb main amd64 dde-kwin 5.5.16+r002+gc3dd6e8b9-1
2022-06-16 11:15:13 add sid deb main amd64 deepin-authenticate-dbgsym 1.3.23+r500+gd6bc03b-1
2022-06-16 11:15:13 add sid deb main amd64 deepin-authenticate 1.3.23+r500+gd6bc03b-1
2022-06-16 11:15:13 add sid deb main amd64 deepin-keyring 2021.06.07-1
2022-06-16 11:15:13 add sid deb main amd64 golang-github-gavv-monotime-dev 0.1-1
2022-06-16 11:15:13 add sid deb main amd64 golang-github-lofanmi-pinyin-dev 1.0.2-1
2022-06-16 11:15:13 add sid deb main amd64 ipwatchd 1.2.2+fake-1
2022-06-16 11:15:13 add sid deb main amd64 lastore-daemon 5.3.22+fake-1
2022-06-16 11:15:13 add sid deb main amd64 libdareader-dev 1.0.2-1
2022-06-16 11:15:13 add sid deb main amd64 libdareader1-dbgsym 1.0.2-1
2022-06-16 11:15:13 add sid deb main amd64 libdareader1 1.0.2-1
2022-06-16 11:15:13 add sid deb main amd64 libdeepin-authenticate-dbgsym 1.3.23+r500+gd6bc03b-1
2022-06-16 11:15:13 add sid deb main amd64 libdeepin-authenticate-dev 1.3.23+r500+gd6bc03b-1
2022-06-16 11:15:13 add sid deb main amd64 libdeepin-authenticate 1.3.23+r500+gd6bc03b-1
2022-07-27 02:51:20 add sid deb main amd64 dde-kwin 5.5.16+r002+gc3dd6e8b9-1
2022-07-27 02:51:20 add sid deb main amd64 deepin-authenticate-dbgsym 1.3.23+r500+gd6bc03b-1
2022-07-27 02:51:20 add sid deb main amd64 deepin-authenticate 1.3.23+r500+gd6bc03b-1
2022-07-27 02:51:20 add sid deb main amd64 deepin-keyring 2021.06.07-1
2022-07-27 02:51:20 add sid deb main amd64 golang-github-gavv-monotime-dev 0.1-1
2022-07-27 02:51:20 add sid deb main amd64 golang-github-lofanmi-pinyin-dev 1.0.2-1
2022-07-27 02:51:20 add sid deb main amd64 ipwatchd 1.2.2+fake-1
2022-07-27 02:51:20 add sid deb main amd64 lastore-daemon 5.3.22+fake-1
2022-07-27 02:51:20 add sid deb main amd64 libdareader-dev 1.0.2-1
2022-07-27 02:51:20 add sid deb main amd64 libdareader1-dbgsym 1.0.2-1
2022-07-27 02:51:20 add sid deb main amd64 libdareader1 1.0.2-1
2022-07-27 02:51:20 add sid deb main amd64 libdeepin-authenticate-dbgsym 1.3.23+r500+gd6bc03b-1
2022-07-27 02:51:20 add sid deb main amd64 libdeepin-authenticate-dev 1.3.23+r500+gd6bc03b-1
2022-07-27 02:51:20 add sid deb main amd64 libdeepin-authenticate 1.3.23+r500+gd6bc03b-1
